  [1m[35m (2199.7ms)[0m  [1m[35mCREATE DATABASE "DoggyDayCare_development" ENCODING = 'unicode'[0m
  [1m[35m (1964.5ms)[0m  [1m[35mCREATE DATABASE "DoggyDayCare_test" ENCODING = 'unicode'[0m
  [1m[35m (270.1ms)[0m  [1m[35mCREATE TABLE "schema_migrations" ("version" character varying NOT NULL PRIMARY KEY)[0m
  [1m[35m (18.6ms)[0m  [1m[35mCREATE TABLE "ar_internal_metadata" ("key" character varying NOT NULL PRIMARY KEY, "value" character varying, "created_at" timestamp(6) NOT NULL, "updated_at" timestamp(6) NOT NULL)[0m
  [1m[35m (0.7ms)[0m  [1m[34mSELECT pg_try_advisory_lock(1633205860053380655)[0m
  [1m[35m (7.1ms)[0m  [1m[34mSELECT "schema_migrations"."version" FROM "schema_migrations" ORDER BY "schema_migrations"."version" ASC[0m
Migrating to CreateDogs (20210424033619)
  [1m[35m (0.4ms)[0m  [1m[35mBEGIN[0m
  [1m[35m (28.1ms)[0m  [1m[35mCREATE TABLE "dogs" ("id" bigserial primary key, "name" character varying NOT NULL)[0m
  [1m[36mprimary::SchemaMigration Create (0.9ms)[0m  [1m[32mINSERT INTO "schema_migrations" ("version") VALUES ($1) RETURNING "version"[0m  [["version", "20210424033619"]]
  [1m[35m (1.1ms)[0m  [1m[35mCOMMIT[0m
  [1m[36mActiveRecord::InternalMetadata Load (13.6ms)[0m  [1m[34mSELECT "ar_internal_metadata".* FROM "ar_internal_metadata" WHERE "ar_internal_metadata"."key" = $1 LIMIT $2[0m  [["key", "environment"], ["LIMIT", 1]]
  [1m[35m (0.3ms)[0m  [1m[35mBEGIN[0m
  [1m[36mActiveRecord::InternalMetadata Create (1.5ms)[0m  [1m[32mINSERT INTO "ar_internal_metadata" ("key", "value", "created_at", "updated_at") VALUES ($1, $2, $3, $4) RETURNING "key"[0m  [["key", "environment"], ["value", "development"], ["created_at", "2021-04-24 14:18:38.445093"], ["updated_at", "2021-04-24 14:18:38.445093"]]
  [1m[35m (0.5ms)[0m  [1m[35mCOMMIT[0m
  [1m[35m (1.0ms)[0m  [1m[34mSELECT pg_advisory_unlock(1633205860053380655)[0m
  [1m[35m (13.7ms)[0m  [1m[34mSELECT "schema_migrations"."version" FROM "schema_migrations" ORDER BY "schema_migrations"."version" ASC[0m
  [1m[35m (17.8ms)[0m  [1m[34mSELECT "schema_migrations"."version" FROM "schema_migrations" ORDER BY "schema_migrations"."version" ASC[0m
  [1m[35m (0.3ms)[0m  [1m[34mSELECT pg_try_advisory_lock(1633205860053380655)[0m
  [1m[35m (0.8ms)[0m  [1m[34mSELECT "schema_migrations"."version" FROM "schema_migrations" ORDER BY "schema_migrations"."version" ASC[0m
Migrating to CreateToys (20210424142207)
  [1m[35m (0.2ms)[0m  [1m[35mBEGIN[0m
  [1m[35m (89.1ms)[0m  [1m[35mCREATE TABLE "toys" ("id" bigserial primary key, "name" character varying NOT NULL)[0m
  [1m[36mprimary::SchemaMigration Create (1.1ms)[0m  [1m[32mINSERT INTO "schema_migrations" ("version") VALUES ($1) RETURNING "version"[0m  [["version", "20210424142207"]]
  [1m[35m (7.9ms)[0m  [1m[35mCOMMIT[0m
  [1m[36mActiveRecord::InternalMetadata Load (15.3ms)[0m  [1m[34mSELECT "ar_internal_metadata".* FROM "ar_internal_metadata" WHERE "ar_internal_metadata"."key" = $1 LIMIT $2[0m  [["key", "environment"], ["LIMIT", 1]]
  [1m[35m (0.4ms)[0m  [1m[34mSELECT pg_advisory_unlock(1633205860053380655)[0m
  [1m[35m (0.9ms)[0m  [1m[34mSELECT "schema_migrations"."version" FROM "schema_migrations" ORDER BY "schema_migrations"."version" ASC[0m
  [1m[35m (1.1ms)[0m  [1m[34mSELECT "schema_migrations"."version" FROM "schema_migrations" ORDER BY "schema_migrations"."version" ASC[0m
  [1m[35m (0.5ms)[0m  [1m[34mSELECT pg_try_advisory_lock(1633205860053380655)[0m
  [1m[35m (24.7ms)[0m  [1m[34mSELECT "schema_migrations"."version" FROM "schema_migrations" ORDER BY "schema_migrations"."version" ASC[0m
Migrating to AddDogIdToToys (20210424143209)
  [1m[35m (0.9ms)[0m  [1m[34mSELECT pg_advisory_unlock(1633205860053380655)[0m
  [1m[35m (0.3ms)[0m  [1m[34mSELECT pg_try_advisory_lock(1633205860053380655)[0m
  [1m[35m (1.0ms)[0m  [1m[34mSELECT "schema_migrations"."version" FROM "schema_migrations" ORDER BY "schema_migrations"."version" ASC[0m
Migrating to AddDogIdToToys (20210424143209)
  [1m[35m (0.3ms)[0m  [1m[35mBEGIN[0m
  [1m[35m (3.0ms)[0m  [1m[35mALTER TABLE "toys" ADD "dog_id" integer NOT NULL[0m
  [1m[36mprimary::SchemaMigration Create (0.7ms)[0m  [1m[32mINSERT INTO "schema_migrations" ("version") VALUES ($1) RETURNING "version"[0m  [["version", "20210424143209"]]
  [1m[35m (7.9ms)[0m  [1m[35mCOMMIT[0m
  [1m[36mActiveRecord::InternalMetadata Load (6.7ms)[0m  [1m[34mSELECT "ar_internal_metadata".* FROM "ar_internal_metadata" WHERE "ar_internal_metadata"."key" = $1 LIMIT $2[0m  [["key", "environment"], ["LIMIT", 1]]
  [1m[35m (0.4ms)[0m  [1m[34mSELECT pg_advisory_unlock(1633205860053380655)[0m
  [1m[35m (0.9ms)[0m  [1m[34mSELECT "schema_migrations"."version" FROM "schema_migrations" ORDER BY "schema_migrations"."version" ASC[0m
  [1m[35m (1.2ms)[0m  [1m[34mSELECT "schema_migrations"."version" FROM "schema_migrations" ORDER BY "schema_migrations"."version" ASC[0m
  [1m[35m (26.5ms)[0m  [1m[34mSELECT "schema_migrations"."version" FROM "schema_migrations" ORDER BY "schema_migrations"."version" ASC[0m
  [1m[35m (0.4ms)[0m  [1m[34mSELECT pg_try_advisory_lock(1633205860053380655)[0m
  [1m[35m (0.9ms)[0m  [1m[34mSELECT "schema_migrations"."version" FROM "schema_migrations" ORDER BY "schema_migrations"."version" ASC[0m
  [1m[36mActiveRecord::InternalMetadata Load (27.2ms)[0m  [1m[34mSELECT "ar_internal_metadata".* FROM "ar_internal_metadata" WHERE "ar_internal_metadata"."key" = $1 LIMIT $2[0m  [["key", "environment"], ["LIMIT", 1]]
  [1m[35m (0.8ms)[0m  [1m[34mSELECT pg_advisory_unlock(1633205860053380655)[0m
  [1m[35m (1.0ms)[0m  [1m[34mSELECT "schema_migrations"."version" FROM "schema_migrations" ORDER BY "schema_migrations"."version" ASC[0m
  [1m[35m (1.2ms)[0m  [1m[34mSELECT "schema_migrations"."version" FROM "schema_migrations" ORDER BY "schema_migrations"."version" ASC[0m
  [1m[35m (1.5ms)[0m  [1m[34mSELECT "schema_migrations"."version" FROM "schema_migrations" ORDER BY "schema_migrations"."version" ASC[0m
  [1m[35m (1.4ms)[0m  [1m[34mSELECT "schema_migrations"."version" FROM "schema_migrations" ORDER BY "schema_migrations"."version" ASC[0m
